Determining if the pthread_create exist failed with the following output:
Change Dir: /home/slyte/Documents/Git/DaVinciBot/CDR_ATOM_FACTORY_2019/cdr_gazebo_ws/build/CMakeFiles/CMakeTmp

Run Build Command:"/usr/bin/make" "cmTC_eb027/fast"
/usr/bin/make -f CMakeFiles/cmTC_eb027.dir/build.make CMakeFiles/cmTC_eb027.dir/build
make[1] : on entre dans le répertoire « /home/slyte/Documents/Git/DaVinciBot/CDR_ATOM_FACTORY_2019/cdr_gazebo_ws/build/CMakeFiles/CMakeTmp »
Building C object CMakeFiles/cmTC_eb027.dir/CheckSymbolExists.c.o
/usr/bin/cc     -o CMakeFiles/cmTC_eb027.dir/CheckSymbolExists.c.o   -c /home/slyte/Documents/Git/DaVinciBot/CDR_ATOM_FACTORY_2019/cdr_gazebo_ws/build/CMakeFiles/CMakeTmp/CheckSymbolExists.c
Linking C executable cmTC_eb027
/usr/bin/cmake -E cmake_link_script CMakeFiles/cmTC_eb027.dir/link.txt --verbose=1
/usr/bin/cc       CMakeFiles/cmTC_eb027.dir/CheckSymbolExists.c.o  -o cmTC_eb027 -rdynamic 
CMakeFiles/cmTC_eb027.dir/CheckSymbolExists.c.o : Dans la fonction « main » :
CheckSymbolExists.c:(.text+0x16) : référence indéfinie vers « pthread_create »
collect2: error: ld returned 1 exit status
CMakeFiles/cmTC_eb027.dir/build.make:97 : la recette pour la cible « cmTC_eb027 » a échouée
make[1]: *** [cmTC_eb027] Erreur 1
make[1] : on quitte le répertoire « /home/slyte/Documents/Git/DaVinciBot/CDR_ATOM_FACTORY_2019/cdr_gazebo_ws/build/CMakeFiles/CMakeTmp »
Makefile:126 : la recette pour la cible « cmTC_eb027/fast » a échouée
make: *** [cmTC_eb027/fast] Erreur 2

File /home/slyte/Documents/Git/DaVinciBot/CDR_ATOM_FACTORY_2019/cdr_gazebo_ws/build/CMakeFiles/CMakeTmp/CheckSymbolExists.c:
/* */
#include <pthread.h>

int main(int argc, char** argv)
{
  (void)argv;
#ifndef pthread_create
  return ((int*)(&pthread_create))[argc];
#else
  (void)argc;
  return 0;
#endif
}

Determining if the function pthread_create exists in the pthreads failed with the following output:
Change Dir: /home/slyte/Documents/Git/DaVinciBot/CDR_ATOM_FACTORY_2019/cdr_gazebo_ws/build/CMakeFiles/CMakeTmp

Run Build Command:"/usr/bin/make" "cmTC_67649/fast"
/usr/bin/make -f CMakeFiles/cmTC_67649.dir/build.make CMakeFiles/cmTC_67649.dir/build
make[1] : on entre dans le répertoire « /home/slyte/Documents/Git/DaVinciBot/CDR_ATOM_FACTORY_2019/cdr_gazebo_ws/build/CMakeFiles/CMakeTmp »
Building C object CMakeFiles/cmTC_67649.dir/CheckFunctionExists.c.o
/usr/bin/cc    -DCHECK_FUNCTION_EXISTS=pthread_create   -o CMakeFiles/cmTC_67649.dir/CheckFunctionExists.c.o   -c /usr/share/cmake-3.5/Modules/CheckFunctionExists.c
Linking C executable cmTC_67649
/usr/bin/cmake -E cmake_link_script CMakeFiles/cmTC_67649.dir/link.txt --verbose=1
/usr/bin/cc   -DCHECK_FUNCTION_EXISTS=pthread_create    CMakeFiles/cmTC_67649.dir/CheckFunctionExists.c.o  -o cmTC_67649 -rdynamic -lpthreads 
/usr/bin/ld : ne peut trouver -lpthreads
collect2: error: ld returned 1 exit status
CMakeFiles/cmTC_67649.dir/build.make:97 : la recette pour la cible « cmTC_67649 » a échouée
make[1]: *** [cmTC_67649] Erreur 1
make[1] : on quitte le répertoire « /home/slyte/Documents/Git/DaVinciBot/CDR_ATOM_FACTORY_2019/cdr_gazebo_ws/build/CMakeFiles/CMakeTmp »
Makefile:126 : la recette pour la cible « cmTC_67649/fast » a échouée
make: *** [cmTC_67649/fast] Erreur 2


