Determining if the pthread_create exist failed with the following output:
Change Dir: /home/florian/Documents/dvb_ws/CDR_ATOM_FACTORY_2019/cdr_robot_ws/build_isolated/dvb_map/CMakeFiles/CMakeTmp

Run Build Command:"/usr/bin/make" "cmTC_9e03a/fast"
/usr/bin/make -f CMakeFiles/cmTC_9e03a.dir/build.make CMakeFiles/cmTC_9e03a.dir/build
make[1] : on entre dans le répertoire « /home/florian/Documents/dvb_ws/CDR_ATOM_FACTORY_2019/cdr_robot_ws/build_isolated/dvb_map/CMakeFiles/CMakeTmp »
Building C object CMakeFiles/cmTC_9e03a.dir/CheckSymbolExists.c.o
/usr/bin/cc     -o CMakeFiles/cmTC_9e03a.dir/CheckSymbolExists.c.o   -c /home/florian/Documents/dvb_ws/CDR_ATOM_FACTORY_2019/cdr_robot_ws/build_isolated/dvb_map/CMakeFiles/CMakeTmp/CheckSymbolExists.c
Linking C executable cmTC_9e03a
/usr/bin/cmake -E cmake_link_script CMakeFiles/cmTC_9e03a.dir/link.txt --verbose=1
/usr/bin/cc       CMakeFiles/cmTC_9e03a.dir/CheckSymbolExists.c.o  -o cmTC_9e03a -rdynamic 
CMakeFiles/cmTC_9e03a.dir/CheckSymbolExists.c.o : Dans la fonction « main » :
CheckSymbolExists.c:(.text+0x16) : référence indéfinie vers « pthread_create »
collect2: error: ld returned 1 exit status
CMakeFiles/cmTC_9e03a.dir/build.make:97 : la recette pour la cible « cmTC_9e03a » a échouée
make[1]: *** [cmTC_9e03a] Erreur 1
make[1] : on quitte le répertoire « /home/florian/Documents/dvb_ws/CDR_ATOM_FACTORY_2019/cdr_robot_ws/build_isolated/dvb_map/CMakeFiles/CMakeTmp »
Makefile:126 : la recette pour la cible « cmTC_9e03a/fast » a échouée
make: *** [cmTC_9e03a/fast] Erreur 2

File /home/florian/Documents/dvb_ws/CDR_ATOM_FACTORY_2019/cdr_robot_ws/build_isolated/dvb_map/CMakeFiles/CMakeTmp/CheckSymbolExists.c:
/* */
#include <pthread.h>

int main(int argc, char** argv)
{
  (void)argv;
#ifndef pthread_create
  return ((int*)(&pthread_create))[argc];
#else
  (void)argc;
  return 0;
#endif
}

Determining if the function pthread_create exists in the pthreads failed with the following output:
Change Dir: /home/florian/Documents/dvb_ws/CDR_ATOM_FACTORY_2019/cdr_robot_ws/build_isolated/dvb_map/CMakeFiles/CMakeTmp

Run Build Command:"/usr/bin/make" "cmTC_c79de/fast"
/usr/bin/make -f CMakeFiles/cmTC_c79de.dir/build.make CMakeFiles/cmTC_c79de.dir/build
make[1] : on entre dans le répertoire « /home/florian/Documents/dvb_ws/CDR_ATOM_FACTORY_2019/cdr_robot_ws/build_isolated/dvb_map/CMakeFiles/CMakeTmp »
Building C object CMakeFiles/cmTC_c79de.dir/CheckFunctionExists.c.o
/usr/bin/cc    -DCHECK_FUNCTION_EXISTS=pthread_create   -o CMakeFiles/cmTC_c79de.dir/CheckFunctionExists.c.o   -c /usr/share/cmake-3.5/Modules/CheckFunctionExists.c
Linking C executable cmTC_c79de
/usr/bin/cmake -E cmake_link_script CMakeFiles/cmTC_c79de.dir/link.txt --verbose=1
/usr/bin/cc   -DCHECK_FUNCTION_EXISTS=pthread_create    CMakeFiles/cmTC_c79de.dir/CheckFunctionExists.c.o  -o cmTC_c79de -rdynamic -lpthreads 
/usr/bin/ld : ne peut trouver -lpthreads
collect2: error: ld returned 1 exit status
CMakeFiles/cmTC_c79de.dir/build.make:97 : la recette pour la cible « cmTC_c79de » a échouée
make[1]: *** [cmTC_c79de] Erreur 1
make[1] : on quitte le répertoire « /home/florian/Documents/dvb_ws/CDR_ATOM_FACTORY_2019/cdr_robot_ws/build_isolated/dvb_map/CMakeFiles/CMakeTmp »
Makefile:126 : la recette pour la cible « cmTC_c79de/fast » a échouée
make: *** [cmTC_c79de/fast] Erreur 2


