Determining if the pthread_create exist failed with the following output:
Change Dir: /home/florian/Documents/dvb_ws/CDR_ATOM_FACTORY_2019/cdr_robot_ws/build_isolated/encoder_controller/CMakeFiles/CMakeTmp

Run Build Command:"/usr/bin/make" "cmTC_18baf/fast"
/usr/bin/make -f CMakeFiles/cmTC_18baf.dir/build.make CMakeFiles/cmTC_18baf.dir/build
make[1] : on entre dans le répertoire « /home/florian/Documents/dvb_ws/CDR_ATOM_FACTORY_2019/cdr_robot_ws/build_isolated/encoder_controller/CMakeFiles/CMakeTmp »
Building C object CMakeFiles/cmTC_18baf.dir/CheckSymbolExists.c.o
/usr/bin/cc     -o CMakeFiles/cmTC_18baf.dir/CheckSymbolExists.c.o   -c /home/florian/Documents/dvb_ws/CDR_ATOM_FACTORY_2019/cdr_robot_ws/build_isolated/encoder_controller/CMakeFiles/CMakeTmp/CheckSymbolExists.c
Linking C executable cmTC_18baf
/usr/bin/cmake -E cmake_link_script CMakeFiles/cmTC_18baf.dir/link.txt --verbose=1
/usr/bin/cc       CMakeFiles/cmTC_18baf.dir/CheckSymbolExists.c.o  -o cmTC_18baf -rdynamic 
CMakeFiles/cmTC_18baf.dir/CheckSymbolExists.c.o : Dans la fonction « main » :
CheckSymbolExists.c:(.text+0x16) : référence indéfinie vers « pthread_create »
collect2: error: ld returned 1 exit status
CMakeFiles/cmTC_18baf.dir/build.make:97 : la recette pour la cible « cmTC_18baf » a échouée
make[1]: *** [cmTC_18baf] Erreur 1
make[1] : on quitte le répertoire « /home/florian/Documents/dvb_ws/CDR_ATOM_FACTORY_2019/cdr_robot_ws/build_isolated/encoder_controller/CMakeFiles/CMakeTmp »
Makefile:126 : la recette pour la cible « cmTC_18baf/fast » a échouée
make: *** [cmTC_18baf/fast] Erreur 2

File /home/florian/Documents/dvb_ws/CDR_ATOM_FACTORY_2019/cdr_robot_ws/build_isolated/encoder_controller/CMakeFiles/CMakeTmp/CheckSymbolExists.c:
/* */
#include <pthread.h>

int main(int argc, char** argv)
{
  (void)argv;
#ifndef pthread_create
  return ((int*)(&pthread_create))[argc];
#else
  (void)argc;
  return 0;
#endif
}

Determining if the function pthread_create exists in the pthreads failed with the following output:
Change Dir: /home/florian/Documents/dvb_ws/CDR_ATOM_FACTORY_2019/cdr_robot_ws/build_isolated/encoder_controller/CMakeFiles/CMakeTmp

Run Build Command:"/usr/bin/make" "cmTC_0b6ff/fast"
/usr/bin/make -f CMakeFiles/cmTC_0b6ff.dir/build.make CMakeFiles/cmTC_0b6ff.dir/build
make[1] : on entre dans le répertoire « /home/florian/Documents/dvb_ws/CDR_ATOM_FACTORY_2019/cdr_robot_ws/build_isolated/encoder_controller/CMakeFiles/CMakeTmp »
Building C object CMakeFiles/cmTC_0b6ff.dir/CheckFunctionExists.c.o
/usr/bin/cc    -DCHECK_FUNCTION_EXISTS=pthread_create   -o CMakeFiles/cmTC_0b6ff.dir/CheckFunctionExists.c.o   -c /usr/share/cmake-3.5/Modules/CheckFunctionExists.c
Linking C executable cmTC_0b6ff
/usr/bin/cmake -E cmake_link_script CMakeFiles/cmTC_0b6ff.dir/link.txt --verbose=1
/usr/bin/cc   -DCHECK_FUNCTION_EXISTS=pthread_create    CMakeFiles/cmTC_0b6ff.dir/CheckFunctionExists.c.o  -o cmTC_0b6ff -rdynamic -lpthreads 
/usr/bin/ld : ne peut trouver -lpthreads
collect2: error: ld returned 1 exit status
CMakeFiles/cmTC_0b6ff.dir/build.make:97 : la recette pour la cible « cmTC_0b6ff » a échouée
make[1]: *** [cmTC_0b6ff] Erreur 1
make[1] : on quitte le répertoire « /home/florian/Documents/dvb_ws/CDR_ATOM_FACTORY_2019/cdr_robot_ws/build_isolated/encoder_controller/CMakeFiles/CMakeTmp »
Makefile:126 : la recette pour la cible « cmTC_0b6ff/fast » a échouée
make: *** [cmTC_0b6ff/fast] Erreur 2


