Determining if the pthread_create exist failed with the following output:
Change Dir: /home/florian/Documents/dvb_ws/CDR_ATOM_FACTORY_2019/cdr_robot_ws/build_isolated/dvb_robot/CMakeFiles/CMakeTmp

Run Build Command:"/usr/bin/make" "cmTC_3334c/fast"
/usr/bin/make -f CMakeFiles/cmTC_3334c.dir/build.make CMakeFiles/cmTC_3334c.dir/build
make[1] : on entre dans le répertoire « /home/florian/Documents/dvb_ws/CDR_ATOM_FACTORY_2019/cdr_robot_ws/build_isolated/dvb_robot/CMakeFiles/CMakeTmp »
Building C object CMakeFiles/cmTC_3334c.dir/CheckSymbolExists.c.o
/usr/bin/cc     -o CMakeFiles/cmTC_3334c.dir/CheckSymbolExists.c.o   -c /home/florian/Documents/dvb_ws/CDR_ATOM_FACTORY_2019/cdr_robot_ws/build_isolated/dvb_robot/CMakeFiles/CMakeTmp/CheckSymbolExists.c
Linking C executable cmTC_3334c
/usr/bin/cmake -E cmake_link_script CMakeFiles/cmTC_3334c.dir/link.txt --verbose=1
/usr/bin/cc       CMakeFiles/cmTC_3334c.dir/CheckSymbolExists.c.o  -o cmTC_3334c -rdynamic 
CMakeFiles/cmTC_3334c.dir/CheckSymbolExists.c.o : Dans la fonction « main » :
CheckSymbolExists.c:(.text+0x16) : référence indéfinie vers « pthread_create »
collect2: error: ld returned 1 exit status
CMakeFiles/cmTC_3334c.dir/build.make:97 : la recette pour la cible « cmTC_3334c » a échouée
make[1]: *** [cmTC_3334c] Erreur 1
make[1] : on quitte le répertoire « /home/florian/Documents/dvb_ws/CDR_ATOM_FACTORY_2019/cdr_robot_ws/build_isolated/dvb_robot/CMakeFiles/CMakeTmp »
Makefile:126 : la recette pour la cible « cmTC_3334c/fast » a échouée
make: *** [cmTC_3334c/fast] Erreur 2

File /home/florian/Documents/dvb_ws/CDR_ATOM_FACTORY_2019/cdr_robot_ws/build_isolated/dvb_robot/CMakeFiles/CMakeTmp/CheckSymbolExists.c:
/* */
#include <pthread.h>

int main(int argc, char** argv)
{
  (void)argv;
#ifndef pthread_create
  return ((int*)(&pthread_create))[argc];
#else
  (void)argc;
  return 0;
#endif
}

Determining if the function pthread_create exists in the pthreads failed with the following output:
Change Dir: /home/florian/Documents/dvb_ws/CDR_ATOM_FACTORY_2019/cdr_robot_ws/build_isolated/dvb_robot/CMakeFiles/CMakeTmp

Run Build Command:"/usr/bin/make" "cmTC_1f084/fast"
/usr/bin/make -f CMakeFiles/cmTC_1f084.dir/build.make CMakeFiles/cmTC_1f084.dir/build
make[1] : on entre dans le répertoire « /home/florian/Documents/dvb_ws/CDR_ATOM_FACTORY_2019/cdr_robot_ws/build_isolated/dvb_robot/CMakeFiles/CMakeTmp »
Building C object CMakeFiles/cmTC_1f084.dir/CheckFunctionExists.c.o
/usr/bin/cc    -DCHECK_FUNCTION_EXISTS=pthread_create   -o CMakeFiles/cmTC_1f084.dir/CheckFunctionExists.c.o   -c /usr/share/cmake-3.5/Modules/CheckFunctionExists.c
Linking C executable cmTC_1f084
/usr/bin/cmake -E cmake_link_script CMakeFiles/cmTC_1f084.dir/link.txt --verbose=1
/usr/bin/cc   -DCHECK_FUNCTION_EXISTS=pthread_create    CMakeFiles/cmTC_1f084.dir/CheckFunctionExists.c.o  -o cmTC_1f084 -rdynamic -lpthreads 
/usr/bin/ld : ne peut trouver -lpthreads
collect2: error: ld returned 1 exit status
CMakeFiles/cmTC_1f084.dir/build.make:97 : la recette pour la cible « cmTC_1f084 » a échouée
make[1]: *** [cmTC_1f084] Erreur 1
make[1] : on quitte le répertoire « /home/florian/Documents/dvb_ws/CDR_ATOM_FACTORY_2019/cdr_robot_ws/build_isolated/dvb_robot/CMakeFiles/CMakeTmp »
Makefile:126 : la recette pour la cible « cmTC_1f084/fast » a échouée
make: *** [cmTC_1f084/fast] Erreur 2


